  0%|          | 0/3633 [00:00<?, ?it/s]100%|██████████| 3633/3633 [00:00<00:00, 386366.45it/s]
Building eval calibration pairs (6 eval queries) ...
Calibration pairs built: 30
[1/4] Running arm=random seed=0 ...
  checkpoint 25%: judging 25 pairs ...
  checkpoint 25%: evaluating ...
  checkpoint 50%: judging 50 pairs ...
  checkpoint 50%: evaluating ...
  checkpoint 75%: judging 75 pairs ...
  checkpoint 75%: evaluating ...
  checkpoint 100%: judging 100 pairs ...
  checkpoint 100%: evaluating ...
[1/4] Done arm=random seed=0
[2/4] Running arm=difficulty_curriculum seed=0 ...
  checkpoint 25%: judging 25 pairs ...
  checkpoint 25%: evaluating ...
  checkpoint 50%: judging 50 pairs ...
  checkpoint 50%: evaluating ...
  checkpoint 75%: judging 75 pairs ...
  checkpoint 75%: evaluating ...
  checkpoint 100%: judging 100 pairs ...
  checkpoint 100%: evaluating ...
[2/4] Done arm=difficulty_curriculum seed=0
[3/4] Running arm=anti_curriculum seed=0 ...
  checkpoint 25%: judging 25 pairs ...
  checkpoint 25%: evaluating ...
  checkpoint 50%: judging 50 pairs ...
  checkpoint 50%: evaluating ...
  checkpoint 75%: judging 75 pairs ...
  checkpoint 75%: evaluating ...
  checkpoint 100%: judging 100 pairs ...
  checkpoint 100%: evaluating ...
[3/4] Done arm=anti_curriculum seed=0
[4/4] Running arm=compositional_curriculum seed=0 ...
  checkpoint 25%: judging 25 pairs ...
  checkpoint 25%: evaluating ...
  checkpoint 50%: judging 50 pairs ...
  checkpoint 50%: evaluating ...
  checkpoint 75%: judging 75 pairs ...
  checkpoint 75%: evaluating ...
  checkpoint 100%: judging 100 pairs ...
  checkpoint 100%: evaluating ...
[4/4] Done arm=compositional_curriculum seed=0
Phase 2 complete.
| arm | NDCG@10 | Recall@10 | MRR | ECE | near-tie acc | comparisons-to-target |
|---|---|---|---|---|---|---|
| random | 0.936±0.000 | 0.667±0.000 | 1.000±0.000 | 0.100±0.000 | 0.6 | 25.0 |
| difficulty_curriculum | 0.936±0.000 | 0.667±0.000 | 1.000±0.000 | 0.100±0.000 | 0.6 | 25.0 |
| anti_curriculum | 0.936±0.000 | 0.667±0.000 | 1.000±0.000 | 0.100±0.000 | 0.6 | 25.0 |
| compositional_curriculum | 0.936±0.000 | 0.667±0.000 | 1.000±0.000 | 0.100±0.000 | 0.6 | 25.0 |
Results written to results/phase2/nfcorpus
